<?xml version="1.0" encoding="UTF-8"?>
<!-- Generated by org.testng.reporters.JUnitReportReporter -->
<testsuite hostname="DESKTOP-HT38EU9" name="com.jenkins.Jenkins" tests="1" failures="0" timestamp="11 Jun 2020 13:03:39 GMT" time="18.708" errors="0">
  <testcase name="testcase" time="18.708" classname="com.jenkins.Jenkins"/>
</testsuite> <!-- com.jenkins.Jenkins -->
